<?xml version="1.0" encoding="UTF-8"?>
<!-- Generated by org.testng.reporters.JUnitReportReporter -->
<testsuite hostname="DESKTOP-8OLEE56" failures="0" tests="5" name="testNG.Test_1" time="51.702" errors="0" timestamp="2022-07-21T15:49:46 IST" skipped="1">
  <testcase classname="testNG.Test_1" name="B" time="19.329"/>
  <system-out/>
  <testcase classname="testNG.Test_1" name="B" time="17.252"/>
  <system-out/>
  <testcase classname="testNG.Test_1" name="R" time="9.553"/>
  <system-out/>
  <testcase classname="testNG.Test_1" name="M" time="5.568"/>
  <system-out/>
  <testcase classname="testNG.Test_1" name="Z">
    <skipped/>
  </testcase> <!-- Z -->
  <system-out/>
</testsuite> <!-- testNG.Test_1 -->
