<?xml version="1.0" encoding="UTF-8"?>
<!-- Generated by org.testng.reporters.JUnitReportReporter -->
<testsuite hostname="DESKTOP-8OLEE56" failures="0" tests="2" name="testNG.crossbrowser" time="157.640" errors="0" timestamp="2022-07-22T19:05:19 IST" skipped="0">
  <testcase classname="testNG.crossbrowser" name="abc" time="69.031"/>
  <system-out/>
  <testcase classname="testNG.crossbrowser" name="abc" time="88.609"/>
  <system-out/>
</testsuite> <!-- testNG.crossbrowser -->
