<?xml version="1.0" encoding="UTF-8"?>
<!-- Generated by org.testng.reporters.JUnitReportReporter -->
<testsuite hostname="DESKTOP-8OLEE56" failures="0" tests="8" name="testNG.group" time="0.039" errors="0" timestamp="2022-07-22T19:02:02 IST" skipped="0">
  <testcase classname="testNG.group" name="test_3" time="0.002"/>
  <system-out/>
  <testcase classname="testNG.group" name="test_4" time="0.003"/>
  <system-out/>
  <testcase classname="testNG.group" name="test_1" time="0.021"/>
  <system-out/>
  <testcase classname="testNG.group" name="test_4" time="0.002"/>
  <system-out/>
  <testcase classname="testNG.group" name="test_1" time="0.002"/>
  <system-out/>
  <testcase classname="testNG.group" name="test_3" time="0.002"/>
  <system-out/>
  <testcase classname="testNG.group" name="test_2" time="0.002"/>
  <system-out/>
  <testcase classname="testNG.group" name="test_2" time="0.005"/>
  <system-out/>
</testsuite> <!-- testNG.group -->
