<?xml version="1.0" encoding="UTF-8"?>
<!-- Generated by org.testng.reporters.JUnitReportReporter -->
<testsuite hostname="DESKTOP-8OLEE56" failures="0" tests="1" name="testNG.excelprogram" time="3.810" errors="0" timestamp="2022-07-23T10:46:33 IST" skipped="0">
  <testcase classname="testNG.excelprogram" name="test_1" time="3.810"/>
  <system-out/>
</testsuite> <!-- testNG.excelprogram -->
